2022-04-13 16:57:30.608  INFO 13876 --- [restartedMain] com.cg.MysqlApplication                  : Starting MysqlApplication using Java 11.0.14.1 on cg-QTC6 with PID 13876 (/home/cg/studyding/spring/studying/mysql/target/classes started by cg in /home/cg/studyding/spring/studying/mysql)
2022-04-13 16:57:30.626  INFO 13876 --- [restartedMain] com.cg.MysqlApplication                  : No active profile set, falling back to 1 default profile: "default"
2022-04-13 16:57:30.847  INFO 13876 --- [restartedMain] .e.DevToolsPropertyDefaultsPostProcessor : Devtools property defaults active! Set 'spring.devtools.add-properties' to 'false' to disable
2022-04-13 16:57:30.848  INFO 13876 --- [restartedMain] .e.DevToolsPropertyDefaultsPostProcessor : For additional web related logging consider setting the 'logging.level.web' property to 'DEBUG'
2022-04-13 16:57:32.479  INFO 13876 --- [restartedMain] .s.d.r.c.RepositoryConfigurationDelegate : Bootstrapping Spring Data JPA repositories in DEFAULT mode.
2022-04-13 16:57:32.611  INFO 13876 --- [restartedMain] .s.d.r.c.RepositoryConfigurationDelegate : Finished Spring Data repository scanning in 91 ms. Found 1 JPA repository interfaces.
2022-04-13 16:57:33.861  INFO 13876 --- [restartedMain] o.s.b.w.embedded.tomcat.TomcatWebServer  : Tomcat initialized with port(s): 8080 (http)
2022-04-13 16:57:33.870  INFO 13876 --- [restartedMain] o.apache.catalina.core.StandardService   : Starting service [Tomcat]
2022-04-13 16:57:33.871  INFO 13876 --- [restartedMain] org.apache.catalina.core.StandardEngine  : Starting Servlet engine: [Apache Tomcat/9.0.58]
2022-04-13 16:57:34.086  INFO 13876 --- [restartedMain] o.a.c.c.C.[Tomcat].[localhost].[/]       : Initializing Spring embedded WebApplicationContext
2022-04-13 16:57:34.087  INFO 13876 --- [restartedMain] w.s.c.ServletWebServerApplicationContext : Root WebApplicationContext: initialization completed in 3232 ms
2022-04-13 16:57:34.520  INFO 13876 --- [restartedMain] o.hibernate.jpa.internal.util.LogHelper  : HHH000204: Processing PersistenceUnitInfo [name: default]
2022-04-13 16:57:34.652  INFO 13876 --- [restartedMain] org.hibernate.Version                    : HHH000412: Hibernate ORM core version 5.6.5.Final
2022-04-13 16:57:35.120  INFO 13876 --- [restartedMain] o.hibernate.annotations.common.Version   : HCANN000001: Hibernate Commons Annotations {5.1.2.Final}
2022-04-13 16:57:35.307  INFO 13876 --- [restartedMain] com.zaxxer.hikari.HikariDataSource       : HikariPool-1 - Starting...
2022-04-13 16:57:35.329  WARN 13876 --- [restartedMain] com.zaxxer.hikari.util.DriverDataSource  : Registered driver with driverClassName=com.mysql.jdbc.Driver was not found, trying direct instantiation.
2022-04-13 16:57:37.190  INFO 13876 --- [restartedMain] com.zaxxer.hikari.HikariDataSource       : HikariPool-1 - Start completed.
2022-04-13 16:57:37.268  INFO 13876 --- [restartedMain] org.hibernate.dialect.Dialect            : HHH000400: Using dialect: org.hibernate.dialect.MySQL57Dialect
2022-04-13 16:57:40.399  INFO 13876 --- [restartedMain] o.h.e.t.j.p.i.JtaPlatformInitiator       : HHH000490: Using JtaPlatform implementation: [org.hibernate.engine.transaction.jta.platform.internal.NoJtaPlatform]
2022-04-13 16:57:40.409  INFO 13876 --- [restartedMain] j.LocalContainerEntityManagerFactoryBean : Initialized JPA EntityManagerFactory for persistence unit 'default'
2022-04-13 16:57:40.980  WARN 13876 --- [restartedMain] JpaBaseConfiguration$JpaWebConfiguration : spring.jpa.open-in-view is enabled by default. Therefore, database queries may be performed during view rendering. Explicitly configure spring.jpa.open-in-view to disable this warning
2022-04-13 16:57:41.495  INFO 13876 --- [restartedMain] o.s.b.d.a.OptionalLiveReloadServer       : LiveReload server is running on port 35729
2022-04-13 16:57:41.573  INFO 13876 --- [restartedMain] o.s.b.w.embedded.tomcat.TomcatWebServer  : Tomcat started on port(s): 8080 (http) with context path ''
2022-04-13 16:57:41.593  INFO 13876 --- [restartedMain] com.cg.MysqlApplication                  : Started MysqlApplication in 12.262 seconds (JVM running for 17.169)
2022-04-13 16:58:19.602  INFO 13876 --- [http-nio-8080-exec-1] o.a.c.c.C.[Tomcat].[localhost].[/]       : Initializing Spring DispatcherServlet 'dispatcherServlet'
2022-04-13 16:58:19.602  INFO 13876 --- [http-nio-8080-exec-1] o.s.web.servlet.DispatcherServlet        : Initializing Servlet 'dispatcherServlet'
2022-04-13 16:58:19.604  INFO 13876 --- [http-nio-8080-exec-1] o.s.web.servlet.DispatcherServlet        : Completed initialization in 1 ms
2022-04-13 16:58:26.222 ERROR 13876 --- [http-nio-8080-exec-3] com.cg.controller.MainController         : i just want to figure out where log will be written
2022-04-13 16:58:57.949  WARN 13876 --- [HikariPool-1 housekeeper] com.zaxxer.hikari.pool.HikariPool        : HikariPool-1 - Thread starvation or clock leap detected (housekeeper delta=50s657ms250µs510ns).
2022-04-13 17:01:06.089 ERROR 13876 --- [http-nio-8080-exec-6] com.cg.controller.MainController         : i just want to figure out where log will be written
2022-04-13 17:06:14.076  WARN 13876 --- [HikariPool-1 housekeeper] com.zaxxer.hikari.pool.HikariPool        : HikariPool-1 - Thread starvation or clock leap detected (housekeeper delta=5m8s638ms416µs509ns).
2022-04-13 17:27:28.730  INFO 13876 --- [Thread-5] j.LocalContainerEntityManagerFactoryBean : Closing JPA EntityManagerFactory for persistence unit 'default'
2022-04-13 17:27:28.736  INFO 13876 --- [Thread-5] com.zaxxer.hikari.HikariDataSource       : HikariPool-1 - Shutdown initiated...
2022-04-13 17:27:28.765  INFO 13876 --- [Thread-5] com.zaxxer.hikari.HikariDataSource       : HikariPool-1 - Shutdown completed.
2022-04-13 17:27:29.055  INFO 13876 --- [restartedMain] com.cg.MysqlApplication                  : Starting MysqlApplication using Java 11.0.14.1 on cg-QTC6 with PID 13876 (/home/cg/studyding/spring/studying/mysql/target/classes started by cg in /home/cg/studyding/spring/studying/mysql)
2022-04-13 17:27:29.055  INFO 13876 --- [restartedMain] com.cg.MysqlApplication                  : No active profile set, falling back to 1 default profile: "default"
2022-04-13 17:27:29.421  INFO 13876 --- [restartedMain] .s.d.r.c.RepositoryConfigurationDelegate : Bootstrapping Spring Data JPA repositories in DEFAULT mode.
2022-04-13 17:27:29.432  INFO 13876 --- [restartedMain] .s.d.r.c.RepositoryConfigurationDelegate : Finished Spring Data repository scanning in 9 ms. Found 1 JPA repository interfaces.
2022-04-13 17:27:29.709  INFO 13876 --- [restartedMain] o.s.b.w.embedded.tomcat.TomcatWebServer  : Tomcat initialized with port(s): 8080 (http)
2022-04-13 17:27:29.711  INFO 13876 --- [restartedMain] o.apache.catalina.core.StandardService   : Starting service [Tomcat]
2022-04-13 17:27:29.711  INFO 13876 --- [restartedMain] org.apache.catalina.core.StandardEngine  : Starting Servlet engine: [Apache Tomcat/9.0.58]
2022-04-13 17:27:29.727  INFO 13876 --- [restartedMain] o.a.c.c.C.[Tomcat].[localhost].[/]       : Initializing Spring embedded WebApplicationContext
2022-04-13 17:27:29.728  INFO 13876 --- [restartedMain] w.s.c.ServletWebServerApplicationContext : Root WebApplicationContext: initialization completed in 666 ms
2022-04-13 17:27:29.831  INFO 13876 --- [restartedMain] o.hibernate.jpa.internal.util.LogHelper  : HHH000204: Processing PersistenceUnitInfo [name: default]
2022-04-13 17:27:29.844  INFO 13876 --- [restartedMain] com.zaxxer.hikari.HikariDataSource       : HikariPool-2 - Starting...
2022-04-13 17:27:29.845  WARN 13876 --- [restartedMain] com.zaxxer.hikari.util.DriverDataSource  : Registered driver with driverClassName=com.mysql.jdbc.Driver was not found, trying direct instantiation.
2022-04-13 17:27:29.968  INFO 13876 --- [restartedMain] com.zaxxer.hikari.HikariDataSource       : HikariPool-2 - Start completed.
2022-04-13 17:27:29.969  INFO 13876 --- [restartedMain] org.hibernate.dialect.Dialect            : HHH000400: Using dialect: org.hibernate.dialect.MySQL57Dialect
2022-04-13 17:27:30.068  INFO 13876 --- [restartedMain] o.h.e.t.j.p.i.JtaPlatformInitiator       : HHH000490: Using JtaPlatform implementation: [org.hibernate.engine.transaction.jta.platform.internal.NoJtaPlatform]
2022-04-13 17:27:30.069  INFO 13876 --- [restartedMain] j.LocalContainerEntityManagerFactoryBean : Initialized JPA EntityManagerFactory for persistence unit 'default'
2022-04-13 17:27:30.227  WARN 13876 --- [restartedMain] JpaBaseConfiguration$JpaWebConfiguration : spring.jpa.open-in-view is enabled by default. Therefore, database queries may be performed during view rendering. Explicitly configure spring.jpa.open-in-view to disable this warning
2022-04-13 17:27:30.386  INFO 13876 --- [restartedMain] o.s.b.d.a.OptionalLiveReloadServer       : LiveReload server is running on port 35729
2022-04-13 17:27:30.408  INFO 13876 --- [restartedMain] o.s.b.w.embedded.tomcat.TomcatWebServer  : Tomcat started on port(s): 8080 (http) with context path ''
2022-04-13 17:27:30.414  INFO 13876 --- [restartedMain] com.cg.MysqlApplication                  : Started MysqlApplication in 1.428 seconds (JVM running for 1805.989)
2022-04-13 17:27:30.416  INFO 13876 --- [restartedMain] .ConditionEvaluationDeltaLoggingListener : Condition evaluation unchanged
2022-04-13 17:27:31.805  INFO 13876 --- [Thread-7] j.LocalContainerEntityManagerFactoryBean : Closing JPA EntityManagerFactory for persistence unit 'default'
2022-04-13 17:27:31.808  INFO 13876 --- [Thread-7] com.zaxxer.hikari.HikariDataSource       : HikariPool-2 - Shutdown initiated...
2022-04-13 17:27:31.815  INFO 13876 --- [Thread-7] com.zaxxer.hikari.HikariDataSource       : HikariPool-2 - Shutdown completed.
2022-04-13 17:27:31.969  INFO 13876 --- [restartedMain] com.cg.MysqlApplication                  : Starting MysqlApplication using Java 11.0.14.1 on cg-QTC6 with PID 13876 (/home/cg/studyding/spring/studying/mysql/target/classes started by cg in /home/cg/studyding/spring/studying/mysql)
2022-04-13 17:27:31.970  INFO 13876 --- [restartedMain] com.cg.MysqlApplication                  : No active profile set, falling back to 1 default profile: "default"
2022-04-13 17:27:32.216  INFO 13876 --- [restartedMain] .s.d.r.c.RepositoryConfigurationDelegate : Bootstrapping Spring Data JPA repositories in DEFAULT mode.
2022-04-13 17:27:32.224  INFO 13876 --- [restartedMain] .s.d.r.c.RepositoryConfigurationDelegate : Finished Spring Data repository scanning in 6 ms. Found 1 JPA repository interfaces.
2022-04-13 17:27:32.674  INFO 13876 --- [restartedMain] o.s.b.w.embedded.tomcat.TomcatWebServer  : Tomcat initialized with port(s): 8080 (http)
2022-04-13 17:27:32.675  INFO 13876 --- [restartedMain] o.apache.catalina.core.StandardService   : Starting service [Tomcat]
2022-04-13 17:27:32.676  INFO 13876 --- [restartedMain] org.apache.catalina.core.StandardEngine  : Starting Servlet engine: [Apache Tomcat/9.0.58]
2022-04-13 17:27:32.685  INFO 13876 --- [restartedMain] o.a.c.c.C.[Tomcat].[localhost].[/]       : Initializing Spring embedded WebApplicationContext
2022-04-13 17:27:32.685  INFO 13876 --- [restartedMain] w.s.c.ServletWebServerApplicationContext : Root WebApplicationContext: initialization completed in 708 ms
2022-04-13 17:27:32.739  INFO 13876 --- [restartedMain] o.hibernate.jpa.internal.util.LogHelper  : HHH000204: Processing PersistenceUnitInfo [name: default]
2022-04-13 17:27:32.745  INFO 13876 --- [restartedMain] com.zaxxer.hikari.HikariDataSource       : HikariPool-3 - Starting...
2022-04-13 17:27:32.745  WARN 13876 --- [restartedMain] com.zaxxer.hikari.util.DriverDataSource  : Registered driver with driverClassName=com.mysql.jdbc.Driver was not found, trying direct instantiation.
2022-04-13 17:27:33.080  INFO 13876 --- [restartedMain] com.zaxxer.hikari.HikariDataSource       : HikariPool-3 - Start completed.
2022-04-13 17:27:33.081  INFO 13876 --- [restartedMain] org.hibernate.dialect.Dialect            : HHH000400: Using dialect: org.hibernate.dialect.MySQL57Dialect
2022-04-13 17:27:33.165  INFO 13876 --- [restartedMain] o.h.e.t.j.p.i.JtaPlatformInitiator       : HHH000490: Using JtaPlatform implementation: [org.hibernate.engine.transaction.jta.platform.internal.NoJtaPlatform]
2022-04-13 17:27:33.166  INFO 13876 --- [restartedMain] j.LocalContainerEntityManagerFactoryBean : Initialized JPA EntityManagerFactory for persistence unit 'default'
2022-04-13 17:27:33.238  WARN 13876 --- [restartedMain] JpaBaseConfiguration$JpaWebConfiguration : spring.jpa.open-in-view is enabled by default. Therefore, database queries may be performed during view rendering. Explicitly configure spring.jpa.open-in-view to disable this warning
2022-04-13 17:27:33.380  INFO 13876 --- [restartedMain] o.s.b.d.a.OptionalLiveReloadServer       : LiveReload server is running on port 35729
2022-04-13 17:27:33.394  INFO 13876 --- [restartedMain] o.s.b.w.embedded.tomcat.TomcatWebServer  : Tomcat started on port(s): 8080 (http) with context path ''
2022-04-13 17:27:33.401  INFO 13876 --- [restartedMain] com.cg.MysqlApplication                  : Started MysqlApplication in 1.486 seconds (JVM running for 1808.976)
2022-04-13 17:27:33.403  INFO 13876 --- [restartedMain] .ConditionEvaluationDeltaLoggingListener : Condition evaluation unchanged
2022-04-13 17:27:53.865  INFO 13876 --- [SpringApplicationShutdownHook] j.LocalContainerEntityManagerFactoryBean : Closing JPA EntityManagerFactory for persistence unit 'default'
2022-04-13 17:27:53.873  INFO 13876 --- [SpringApplicationShutdownHook] com.zaxxer.hikari.HikariDataSource       : HikariPool-3 - Shutdown initiated...
2022-04-13 17:27:53.910  INFO 13876 --- [SpringApplicationShutdownHook] com.zaxxer.hikari.HikariDataSource       : HikariPool-3 - Shutdown completed.
2022-04-13 17:35:48.861  INFO 17468 --- [restartedMain] com.cg.MysqlApplication                  : Starting MysqlApplication using Java 11.0.14.1 on cg-QTC6 with PID 17468 (/home/cg/studyding/spring/studying/mysql/target/classes started by cg in /home/cg/studyding/spring/studying/mysql)
2022-04-13 17:35:48.864  INFO 17468 --- [restartedMain] com.cg.MysqlApplication                  : No active profile set, falling back to 1 default profile: "default"
2022-04-13 17:35:49.049  INFO 17468 --- [restartedMain] .e.DevToolsPropertyDefaultsPostProcessor : Devtools property defaults active! Set 'spring.devtools.add-properties' to 'false' to disable
2022-04-13 17:35:49.050  INFO 17468 --- [restartedMain] .e.DevToolsPropertyDefaultsPostProcessor : For additional web related logging consider setting the 'logging.level.web' property to 'DEBUG'
2022-04-13 17:35:50.489  INFO 17468 --- [restartedMain] .s.d.r.c.RepositoryConfigurationDelegate : Bootstrapping Spring Data JPA repositories in DEFAULT mode.
2022-04-13 17:35:50.560  INFO 17468 --- [restartedMain] .s.d.r.c.RepositoryConfigurationDelegate : Finished Spring Data repository scanning in 40 ms. Found 1 JPA repository interfaces.
2022-04-13 17:35:51.755  INFO 17468 --- [restartedMain] o.s.b.w.embedded.tomcat.TomcatWebServer  : Tomcat initialized with port(s): 8080 (http)
2022-04-13 17:35:51.790  INFO 17468 --- [restartedMain] o.apache.catalina.core.StandardService   : Starting service [Tomcat]
2022-04-13 17:35:51.791  INFO 17468 --- [restartedMain] org.apache.catalina.core.StandardEngine  : Starting Servlet engine: [Apache Tomcat/9.0.58]
2022-04-13 17:35:51.876  INFO 17468 --- [restartedMain] o.a.c.c.C.[Tomcat].[localhost].[/]       : Initializing Spring embedded WebApplicationContext
2022-04-13 17:35:51.877  INFO 17468 --- [restartedMain] w.s.c.ServletWebServerApplicationContext : Root WebApplicationContext: initialization completed in 2826 ms
2022-04-13 17:35:52.309  INFO 17468 --- [restartedMain] o.hibernate.jpa.internal.util.LogHelper  : HHH000204: Processing PersistenceUnitInfo [name: default]
2022-04-13 17:35:52.399  INFO 17468 --- [restartedMain] org.hibernate.Version                    : HHH000412: Hibernate ORM core version 5.6.5.Final
2022-04-13 17:35:52.651  INFO 17468 --- [restartedMain] o.hibernate.annotations.common.Version   : HCANN000001: Hibernate Commons Annotations {5.1.2.Final}
2022-04-13 17:35:52.852  INFO 17468 --- [restartedMain] com.zaxxer.hikari.HikariDataSource       : HikariPool-1 - Starting...
2022-04-13 17:35:52.861  WARN 17468 --- [restartedMain] com.zaxxer.hikari.util.DriverDataSource  : Registered driver with driverClassName=com.mysql.jdbc.Driver was not found, trying direct instantiation.
2022-04-13 17:35:54.053  INFO 17468 --- [restartedMain] com.zaxxer.hikari.HikariDataSource       : HikariPool-1 - Start completed.
2022-04-13 17:35:54.074  INFO 17468 --- [restartedMain] org.hibernate.dialect.Dialect            : HHH000400: Using dialect: org.hibernate.dialect.MySQL57Dialect
2022-04-13 17:35:55.385  INFO 17468 --- [restartedMain] o.h.e.t.j.p.i.JtaPlatformInitiator       : HHH000490: Using JtaPlatform implementation: [org.hibernate.engine.transaction.jta.platform.internal.NoJtaPlatform]
2022-04-13 17:35:55.394  INFO 17468 --- [restartedMain] j.LocalContainerEntityManagerFactoryBean : Initialized JPA EntityManagerFactory for persistence unit 'default'
2022-04-13 17:35:56.047  WARN 17468 --- [restartedMain] JpaBaseConfiguration$JpaWebConfiguration : spring.jpa.open-in-view is enabled by default. Therefore, database queries may be performed during view rendering. Explicitly configure spring.jpa.open-in-view to disable this warning
2022-04-13 17:35:56.839  INFO 17468 --- [restartedMain] o.s.b.d.a.OptionalLiveReloadServer       : LiveReload server is running on port 35729
2022-04-13 17:35:56.897  INFO 17468 --- [restartedMain] o.s.b.w.embedded.tomcat.TomcatWebServer  : Tomcat started on port(s): 8080 (http) with context path ''
2022-04-13 17:35:56.914  INFO 17468 --- [restartedMain] com.cg.MysqlApplication                  : Started MysqlApplication in 9.156 seconds (JVM running for 11.431)
2022-04-13 17:36:13.360  INFO 17468 --- [http-nio-8080-exec-2] o.a.c.c.C.[Tomcat].[localhost].[/]       : Initializing Spring DispatcherServlet 'dispatcherServlet'
2022-04-13 17:36:13.361  INFO 17468 --- [http-nio-8080-exec-2] o.s.web.servlet.DispatcherServlet        : Initializing Servlet 'dispatcherServlet'
2022-04-13 17:36:13.364  INFO 17468 --- [http-nio-8080-exec-2] o.s.web.servlet.DispatcherServlet        : Completed initialization in 2 ms
2022-04-13 17:36:13.399 ERROR 17468 --- [http-nio-8080-exec-2] com.cg.controller.MainController         : i just want to figure out where log will be written
2022-04-13 17:36:44.575  INFO 17468 --- [SpringApplicationShutdownHook] j.LocalContainerEntityManagerFactoryBean : Closing JPA EntityManagerFactory for persistence unit 'default'
2022-04-13 17:36:44.580  INFO 17468 --- [SpringApplicationShutdownHook] com.zaxxer.hikari.HikariDataSource       : HikariPool-1 - Shutdown initiated...
2022-04-13 17:36:44.592  INFO 17468 --- [SpringApplicationShutdownHook] com.zaxxer.hikari.HikariDataSource       : HikariPool-1 - Shutdown completed.
